<?xml version="1.0" encoding="UTF-8"?>
<testng-results ignored="0" total="3" passed="3" failed="0" skipped="0">
  <reporter-output>
  </reporter-output>
  <suite started-at="2026-08-29T13:42:14 IST" name="Default suite" finished-at="2026-08-29T13:43:12 IST" duration-ms="57736">
    <groups>
      <group name="cucumber">
        <method signature="AbstractTestNGCucumberTests.runScenario(io.cucumber.testng.PickleWrapper,io.cucumber.testng.FeatureWrapper)[pri:0, instance:TestRunner.Test_runner@6cb107fd]" name="runScenario" class="io.cucumber.testng.AbstractTestNGCucumberTests"/>
      </group> <!-- cucumber -->
    </groups>
    <test started-at="2026-08-29T13:42:14 IST" name="Default test" finished-at="2026-08-29T13:43:12 IST" duration-ms="57736">
      <class name="TestRunner.Test_runner">
        <test-method is-config="true" signature="setUpClass(org.testng.ITestContext)[pri:0, instance:TestRunner.Test_runner@6cb107fd]" started-at="2026-08-29T13:42:14 IST" name="setUpClass" finished-at="2026-08-29T13:42:15 IST" duration-ms="418" status="PASS">
          <params>
            <param index="0">
              <value>
                <![CDATA[org.testng.TestRunner@77114efe]]>
              </value>
            </param>
          </params>
          <reporter-output>
          </reporter-output>
        </test-method> <!-- setUpClass -->
        <test-method signature="runScenario(io.cucumber.testng.PickleWrapper,io.cucumber.testng.FeatureWrapper)[pri:0, instance:TestRunner.Test_runner@6cb107fd]" started-at="2026-08-29T13:42:15 IST" name="runScenario" description="Runs Cucumber Scenarios" data-provider="scenarios" finished-at="2026-08-29T13:42:35 IST" duration-ms="20869" status="PASS">
          <params>
            <param index="0">
              <value>
                <![CDATA["User validate login functionality"]]>
              </value>
            </param>
            <param index="1">
              <value>
                <![CDATA["User validate login feature"]]>
              </value>
            </param>
          </params>
          <reporter-output>
          </reporter-output>
        </test-method> <!-- runScenario -->
        <test-method signature="runScenario(io.cucumber.testng.PickleWrapper,io.cucumber.testng.FeatureWrapper)[pri:0, instance:TestRunner.Test_runner@6cb107fd]" started-at="2026-08-29T13:42:35 IST" name="runScenario" description="Runs Cucumber Scenarios" data-provider="scenarios" finished-at="2026-08-29T13:42:53 IST" duration-ms="17453" status="PASS">
          <params>
            <param index="0">
              <value>
                <![CDATA["User invalid validate login functionality"]]>
              </value>
            </param>
            <param index="1">
              <value>
                <![CDATA["User validate login feature"]]>
              </value>
            </param>
          </params>
          <reporter-output>
          </reporter-output>
        </test-method> <!-- runScenario -->
        <test-method signature="runScenario(io.cucumber.testng.PickleWrapper,io.cucumber.testng.FeatureWrapper)[pri:0, instance:TestRunner.Test_runner@6cb107fd]" started-at="2026-08-29T13:42:53 IST" name="runScenario" description="Runs Cucumber Scenarios" data-provider="scenarios" finished-at="2026-08-29T13:43:12 IST" duration-ms="18927" status="PASS">
          <params>
            <param index="0">
              <value>
                <![CDATA["User invalid validate login functionality"]]>
              </value>
            </param>
            <param index="1">
              <value>
                <![CDATA["User validate login feature"]]>
              </value>
            </param>
          </params>
          <reporter-output>
          </reporter-output>
        </test-method> <!-- runScenario -->
        <test-method is-config="true" signature="tearDownClass()[pri:0, instance:TestRunner.Test_runner@6cb107fd]" started-at="2026-08-29T13:43:12 IST" name="tearDownClass" finished-at="2026-08-29T13:43:12 IST" duration-ms="19" status="PASS">
          <reporter-output>
          </reporter-output>
        </test-method> <!-- tearDownClass -->
      </class> <!-- TestRunner.Test_runner -->
    </test> <!-- Default test -->
  </suite> <!-- Default suite -->
</testng-results>
