<?xml version="1.0" encoding="UTF-8"?>
<!-- Generated by org.testng.reporters.JUnitReportReporter -->
<testsuite hostname="DESKTOP-G7826BS" failures="0" tests="3" name="TestRunner.LoginRunner" time="46.804" errors="0" timestamp="2026-09-08T09:53:14 IST" skipped="0">
  <testcase classname="TestRunner.LoginRunner" name="runScenario" time="15.468"/>
  <testcase classname="TestRunner.LoginRunner" name="runScenario" time="15.521"/>
  <testcase classname="TestRunner.LoginRunner" name="runScenario" time="15.815"/>
</testsuite> <!-- TestRunner.LoginRunner -->
