<?xml version="1.0" encoding="UTF-8"?>
<!-- Generated by org.testng.reporters.JUnitReportReporter -->
<testsuite hostname="DESKTOP-G7826BS" failures="0" tests="3" name="TestRunner.Test_runner" time="96.294" errors="0" timestamp="2026-09-06T15:09:06 IST" skipped="0">
  <testcase classname="TestRunner.Test_runner" name="runScenario" time="17.908"/>
  <testcase classname="TestRunner.Test_runner" name="runScenario" time="50.263"/>
  <testcase classname="TestRunner.Test_runner" name="runScenario" time="28.123"/>
</testsuite> <!-- TestRunner.Test_runner -->
