<?xml version="1.0" encoding="UTF-8"?>
<!-- Generated by org.testng.reporters.JUnitReportReporter -->
<testsuite hostname="DESKTOP-G7826BS" failures="0" tests="3" name="TestRunner.LoginRunner" time="60.531" errors="0" timestamp="2026-09-09T12:10:06 IST" skipped="0">
  <testcase classname="TestRunner.LoginRunner" name="runScenario" time="17.827"/>
  <testcase classname="TestRunner.LoginRunner" name="runScenario" time="17.833"/>
  <testcase classname="TestRunner.LoginRunner" name="runScenario" time="24.871"/>
</testsuite> <!-- TestRunner.LoginRunner -->
