<?xml version="1.0" encoding="UTF-8"?>
<!-- Generated by org.testng.reporters.JUnitReportReporter -->
<testsuite hostname="DESKTOP-G7826BS" failures="0" tests="3" name="TestRunner.Test_runner" time="57.249" errors="0" timestamp="2026-08-29T13:43:12 IST" skipped="0">
  <testcase classname="TestRunner.Test_runner" name="runScenario" time="17.453"/>
  <testcase classname="TestRunner.Test_runner" name="runScenario" time="18.927"/>
  <testcase classname="TestRunner.Test_runner" name="runScenario" time="20.869"/>
</testsuite> <!-- TestRunner.Test_runner -->
