<?xml version="1.0" encoding="UTF-8"?>
<testng-results ignored="0" total="1" passed="1" failed="0" skipped="0">
  <reporter-output>
  </reporter-output>
  <suite started-at="2026-09-09T16:14:10 IST" name="Default suite" finished-at="2026-09-09T16:14:31 IST" duration-ms="20209">
    <groups>
      <group name="cucumber">
        <method signature="AbstractTestNGCucumberTests.runScenario(io.cucumber.testng.PickleWrapper,io.cucumber.testng.FeatureWrapper)[pri:0, instance:TestRunner.LeaveRunner@4e5ed836]" name="runScenario" class="io.cucumber.testng.AbstractTestNGCucumberTests"/>
      </group> <!-- cucumber -->
    </groups>
    <test started-at="2026-09-09T16:14:10 IST" name="Default test" finished-at="2026-09-09T16:14:31 IST" duration-ms="20209">
      <class name="TestRunner.LeaveRunner">
        <test-method is-config="true" signature="setUpClass(org.testng.ITestContext)[pri:0, instance:TestRunner.LeaveRunner@4e5ed836]" started-at="2026-09-09T16:14:10 IST" name="setUpClass" finished-at="2026-09-09T16:14:11 IST" duration-ms="343" status="PASS">
          <params>
            <param index="0">
              <value>
                <![CDATA[org.testng.TestRunner@318c68d5]]>
              </value>
            </param>
          </params>
          <reporter-output>
          </reporter-output>
        </test-method> <!-- setUpClass -->
        <test-method signature="runScenario(io.cucumber.testng.PickleWrapper,io.cucumber.testng.FeatureWrapper)[pri:0, instance:TestRunner.LeaveRunner@4e5ed836]" started-at="2026-09-09T16:14:11 IST" name="runScenario" description="Runs Cucumber Scenarios" data-provider="scenarios" finished-at="2026-09-09T16:14:30 IST" duration-ms="19578" status="PASS">
          <params>
            <param index="0">
              <value>
                <![CDATA["User validate calender functionality"]]>
              </value>
            </param>
            <param index="1">
              <value>
                <![CDATA["user validate Calender"]]>
              </value>
            </param>
          </params>
          <reporter-output>
          </reporter-output>
        </test-method> <!-- runScenario -->
        <test-method is-config="true" signature="tearDownClass()[pri:0, instance:TestRunner.LeaveRunner@4e5ed836]" started-at="2026-09-09T16:14:30 IST" name="tearDownClass" finished-at="2026-09-09T16:14:31 IST" duration-ms="248" status="PASS">
          <reporter-output>
          </reporter-output>
        </test-method> <!-- tearDownClass -->
      </class> <!-- TestRunner.LeaveRunner -->
    </test> <!-- Default test -->
  </suite> <!-- Default suite -->
</testng-results>
