<?xml version="1.0" encoding="UTF-8"?>
<testng-results ignored="0" total="2" passed="2" failed="0" skipped="0">
  <reporter-output>
  </reporter-output>
  <suite started-at="2026-09-08T15:46:29 IST" name="Default suite" finished-at="2026-09-08T15:46:45 IST" duration-ms="16889">
    <groups>
      <group name="cucumber">
        <method signature="AbstractTestNGCucumberTests.runScenario(io.cucumber.testng.PickleWrapper,io.cucumber.testng.FeatureWrapper)[pri:0, instance:TestRunner.AdminRunner@4e5ed836]" name="runScenario" class="io.cucumber.testng.AbstractTestNGCucumberTests"/>
      </group> <!-- cucumber -->
    </groups>
    <test started-at="2026-09-08T15:46:29 IST" name="Default test" finished-at="2026-09-08T15:46:45 IST" duration-ms="16889">
      <class name="TestRunner.AdminRunner">
        <test-method is-config="true" signature="setUpClass(org.testng.ITestContext)[pri:0, instance:TestRunner.AdminRunner@4e5ed836]" started-at="2026-09-08T15:46:29 IST" name="setUpClass" finished-at="2026-09-08T15:46:29 IST" duration-ms="389" status="PASS">
          <params>
            <param index="0">
              <value>
                <![CDATA[org.testng.TestRunner@41ef1ea2]]>
              </value>
            </param>
          </params>
          <reporter-output>
          </reporter-output>
        </test-method> <!-- setUpClass -->
        <test-method signature="runScenario(io.cucumber.testng.PickleWrapper,io.cucumber.testng.FeatureWrapper)[pri:0, instance:TestRunner.AdminRunner@4e5ed836]" started-at="2026-09-08T15:46:29 IST" name="runScenario" description="Runs Cucumber Scenarios" data-provider="scenarios" finished-at="2026-09-08T15:46:38 IST" duration-ms="8913" status="PASS">
          <params>
            <param index="0">
              <value>
                <![CDATA["user validate Admin Module"]]>
              </value>
            </param>
            <param index="1">
              <value>
                <![CDATA["User validate Admin functionality"]]>
              </value>
            </param>
          </params>
          <reporter-output>
          </reporter-output>
        </test-method> <!-- runScenario -->
        <test-method signature="runScenario(io.cucumber.testng.PickleWrapper,io.cucumber.testng.FeatureWrapper)[pri:0, instance:TestRunner.AdminRunner@4e5ed836]" started-at="2026-09-08T15:46:38 IST" name="runScenario" description="Runs Cucumber Scenarios" data-provider="scenarios" finished-at="2026-09-08T15:46:45 IST" duration-ms="7283" status="PASS">
          <params>
            <param index="0">
              <value>
                <![CDATA["user Add New Admin user"]]>
              </value>
            </param>
            <param index="1">
              <value>
                <![CDATA["User validate Admin functionality"]]>
              </value>
            </param>
          </params>
          <reporter-output>
          </reporter-output>
        </test-method> <!-- runScenario -->
        <test-method is-config="true" signature="tearDownClass()[pri:0, instance:TestRunner.AdminRunner@4e5ed836]" started-at="2026-09-08T15:46:45 IST" name="tearDownClass" finished-at="2026-09-08T15:46:45 IST" duration-ms="260" status="PASS">
          <reporter-output>
          </reporter-output>
        </test-method> <!-- tearDownClass -->
      </class> <!-- TestRunner.AdminRunner -->
    </test> <!-- Default test -->
  </suite> <!-- Default suite -->
</testng-results>
